<?xml version="1.0" encoding="UTF-8"?>
<!-- Generated by org.testng.reporters.JUnitReportReporter -->
<testsuite hostname="Divya" failures="0" tests="1" name="com.testautomation.tests.uiTestSuiteRunner" time="0.005" errors="0" timestamp="2025-03-24T11:31:58 GMT" skipped="0">
  <testcase classname="com.testautomation.tests.uiTestSuiteRunner" name="runScenario" time="0.005"/>
  <system-out/>
</testsuite> <!-- com.testautomation.tests.uiTestSuiteRunner -->
